<?xml version="1.0" encoding="UTF-8"?>
<!-- Generated by org.testng.reporters.JUnitReportReporter -->
<testsuite hostname="DESKTOP-57VESP8" failures="0" tests="1" name="com.Sample1" time="0.414" errors="0" timestamp="2022-12-20T10:57:06 IST" skipped="0">
  <testcase classname="com.Sample1" name="sample" time="0.414"/>
  <system-out/>
</testsuite> <!-- com.Sample1 -->
